<?xml version="1.0" encoding="utf-8"?><testsuites name="pytest tests"><testsuite name="pytest" errors="1" failures="0" skipped="0" tests="14" time="2.980" timestamp="2026-08-13T11:11:54.584565+00:00" hostname="agent-env-a946e24e-ad0b-4cca-a809-6fc681c839a0"><testcase classname="tests.backend_test.TestCategoriesChallenges" name="test_categories" time="0.228" /><testcase classname="tests.backend_test.TestCategoriesChallenges" name="test_challenges_list" time="0.234" /><testcase classname="tests.backend_test.TestCategoriesChallenges" name="test_featured" time="0.046" /><testcase classname="tests.backend_test.TestCategoriesChallenges" name="test_challenge_detail_and_participations" time="0.325" /><testcase classname="tests.backend_test.TestAuth" name="test_register_returns_token_user" time="0.503"><error message="failed on setup with &quot;AssertionError: assert 'test_508f8359@tchak.ht' == 'TEST_508f8359@tchak.ht'&#10;  &#10;  - TEST_508f8359@tchak.ht&#10;  ? ^^^^&#10;  + test_508f8359@tchak.ht&#10;  ? ^^^^&quot;">backend/tests/backend_test.py:40: in new_user
    assert data["user"]["email"] == payload["email"]
E   AssertionError: assert 'test_508f8359@tchak.ht' == 'TEST_508f8359@tchak.ht'
E     
E     - TEST_508f8359@tchak.ht
E     ? ^^^^
E     + test_508f8359@tchak.ht
E     ? ^^^^</error></testcase><testcase classname="tests.backend_test.TestVoteLeaderboard" name="test_leaderboard" time="0.043" /><testcase classname="tests.backend_test.TestAuth" name="test_login_test_user" time="0.354" /><testcase classname="tests.backend_test.TestAuth" name="test_login_invalid" time="0.269" /><testcase classname="tests.backend_test.TestAuth" name="test_me_with_bearer" time="0.109" /><testcase classname="tests.backend_test.TestVoteLeaderboard" name="test_vote_toggle" time="0.553" /><testcase classname="tests.backend_test.TestAuth" name="test_me_no_token" time="0.047" /><testcase classname="tests.backend_test.TestUserProfile" name="test_get_user_by_username" time="0.060" /><testcase classname="tests.backend_test.TestVoteLeaderboard" name="test_vote_requires_auth" time="0.060" /><testcase classname="tests.backend_test.TestParticipationUpload" name="test_upload_participation" time="0.956" /></testsuite></testsuites>